<?xml version="1.0" encoding="UTF-8"?>
<testsuite xmlns:xsi="http://www.w3.org/2001/XMLSchema-instance" xsi:noNamespaceSchemaLocation="https://maven.apache.org/surefire/maven-surefire-plugin/xsd/surefire-test-report-3.0.xsd" version="3.0" name="com.mycompany.Util.PageOrderTest" time="0.09" tests="7" errors="0" skipped="0" failures="0">
  <properties>
[...]
</properties>
  <testcase name="NavImageClass_shouldOnlyBeActiveForFinish_whenGivenFinishPage" classname="com.mycompany.Util.PageOrderTest" time="0.032">
    <system-out><![CDATA[computeNavImageClass
]]></system-out>
  </testcase>
  <testcase name="NavImageClass_shouldOnlyBeActiveForuserData_whenGivenuserDataPage" classname="com.mycompany.Util.PageOrderTest" time="0.01">
    <system-out><![CDATA[computeNavImageClass
]]></system-out>
  </testcase>
  <testcase name="NavImageClass_shouldOnlyBeActiveForFoodItems_whenGivenFoodItemsPage" classname="com.mycompany.Util.PageOrderTest" time="0.007"/>
  <testcase name="NextPrevPage_shouldBeNullUserData_whenGivenFoodItemsPage" classname="com.mycompany.Util.PageOrderTest" time="0.006"/>
  <testcase name="NextPrevPage_shouldBeUserDataEnd_whenGivenFinishPage" classname="com.mycompany.Util.PageOrderTest" time="0.005"/>
  <testcase name="NextPrevPage_shouldBeFoodItemsFinish_whenGivenUserDataPage" classname="com.mycompany.Util.PageOrderTest" time="0.005"/>
  <testcase name="NavImageClass_shouldBeDoneForAll_whenGivenEndPage" classname="com.mycompany.Util.PageOrderTest" time="0.005"/>
</testsuite>